<?xml version="1.0" encoding="UTF-8"?>
<testsuite xmlns:xsi="http://www.w3.org/2001/XMLSchema-instance" xsi:noNamespaceSchemaLocation="https://maven.apache.org/surefire/maven-surefire-plugin/xsd/surefire-test-report-3.0.xsd" version="3.0" name="TestSuite" time="21.35" tests="4" errors="0" skipped="2" failures="2">
  <properties>
[...]
</properties>
  <testcase name="initialiSetup" classname="org.Manipal.testCases.TestCase1" time="4.132">
    <failure message="Could not start a new session. Could not start a new session. Error while creating session with the driver service. Stopping driver service: Could not start a new session. Response code 500. Message: Expected browser binary location, but unable to find binary in default location, no &apos;moz:firefoxOptions.binary&apos; capability provided, and no binary flag set on the command line &#10;Host info: host: &apos;TJ&apos;, ip: &apos;192.168.56.1&apos;&#10;Build info: version: &apos;4.9.1&apos;, revision: &apos;eb2032df7f&apos;&#10;System info: os.name: &apos;Windows 10&apos;, os.arch: &apos;amd64&apos;, os.version: &apos;10.0&apos;, java.version: &apos;11.0.18&apos;&#10;Driver info: driver.version: unknown&#10;Build info: version: &apos;4.9.1&apos;, revision: &apos;eb2032df7f&apos;&#10;System info: os.name: &apos;Windows 10&apos;, os.arch: &apos;amd64&apos;, os.version: &apos;10.0&apos;, java.version: &apos;11.0.18&apos;&#10;Driver info: driver.version: unknown&#10;Build info: version: &apos;4.9.1&apos;, revision: &apos;eb2032df7f&apos;&#10;System info: os.name: &apos;Windows 10&apos;, os.arch: &apos;amd64&apos;, os.version: &apos;10.0&apos;, java.version: &apos;11.0.18&apos;&#10;Driver info: driver.version: unknown&#10;Build info: version: &apos;3.141.59&apos;, revision: &apos;e82be7d358&apos;, time: &apos;2018-11-14T08:17:03&apos;&#10;System info: host: &apos;TJ&apos;, ip: &apos;192.168.56.1&apos;, os.name: &apos;Windows 10&apos;, os.arch: &apos;amd64&apos;, os.version: &apos;10.0&apos;, java.version: &apos;11.0.18&apos;&#10;Driver info: driver.version: RemoteWebDriver&#10;remote stacktrace: [{fileName=RemoteNode.java, moduleVersion=null, moduleName=null, nativeMethod=false, methodName=newSession, className=org.openqa.selenium.grid.node.remote.RemoteNode, lineNumber=150, classLoaderName=app}, {fileName=LocalDistributor.java, moduleVersion=null, moduleName=null, nativeMethod=false, methodName=startSession, className=org.openqa.selenium.grid.distributor.local.LocalDistributor, lineNumber=645, classLoaderName=app}, {fileName=LocalDistributor.java, moduleVersion=null, moduleName=null, nativeMethod=false, methodName=newSession, className=org.openqa.selenium.grid.distributor.local.LocalDistributor, lineNumber=564, classLoaderName=app}, {fileName=LocalDistributor.java, moduleVersion=null, moduleName=null, nativeMethod=false, methodName=handleNewSessionRequest, className=org.openqa.selenium.grid.distributor.local.LocalDistributor$NewSessionRunnable, lineNumber=818, classLoaderName=app}, {fileName=LocalDistributor.java, moduleVersion=null, moduleName=null, nativeMethod=false, methodName=lambda$run$1, className=org.openqa.selenium.grid.distributor.local.LocalDistributor$NewSessionRunnable, lineNumber=779, classLoaderName=app}, {fileName=ThreadPoolExecutor.java, moduleVersion=11.0.18, moduleName=java.base, nativeMethod=false, methodName=runWorker, className=java.util.concurrent.ThreadPoolExecutor, lineNumber=1128, classLoaderName=null}, {fileName=ThreadPoolExecutor.java, moduleVersion=11.0.18, moduleName=java.base, nativeMethod=false, methodName=run, className=java.util.concurrent.ThreadPoolExecutor$Worker, lineNumber=628, classLoaderName=null}, {fileName=Thread.java, moduleVersion=11.0.18, moduleName=java.base, nativeMethod=false, methodName=run, className=java.lang.Thread, lineNumber=834, classLoaderName=null}]" type="org.openqa.selenium.SessionNotCreatedException"><![CDATA[org.openqa.selenium.SessionNotCreatedException: 
Could not start a new session. Could not start a new session. Error while creating session with the driver service. Stopping driver service: Could not start a new session. Response code 500. Message: Expected browser binary location, but unable to find binary in default location, no 'moz:firefoxOptions.binary' capability provided, and no binary flag set on the command line 
Host info: host: 'TJ', ip: '192.168.56.1'
Build info: version: '4.9.1', revision: 'eb2032df7f'
System info: os.name: 'Windows 10', os.arch: 'amd64', os.version: '10.0', java.version: '11.0.18'
Driver info: driver.version: unknown
Build info: version: '4.9.1', revision: 'eb2032df7f'
System info: os.name: 'Windows 10', os.arch: 'amd64', os.version: '10.0', java.version: '11.0.18'
Driver info: driver.version: unknown
Build info: version: '4.9.1', revision: 'eb2032df7f'
System info: os.name: 'Windows 10', os.arch: 'amd64', os.version: '10.0', java.version: '11.0.18'
Driver info: driver.version: unknown
Build info: version: '3.141.59', revision: 'e82be7d358', time: '2018-11-14T08:17:03'
System info: host: 'TJ', ip: '192.168.56.1', os.name: 'Windows 10', os.arch: 'amd64', os.version: '10.0', java.version: '11.0.18'
Driver info: driver.version: RemoteWebDriver
remote stacktrace: [{fileName=RemoteNode.java, moduleVersion=null, moduleName=null, nativeMethod=false, methodName=newSession, className=org.openqa.selenium.grid.node.remote.RemoteNode, lineNumber=150, classLoaderName=app}, {fileName=LocalDistributor.java, moduleVersion=null, moduleName=null, nativeMethod=false, methodName=startSession, className=org.openqa.selenium.grid.distributor.local.LocalDistributor, lineNumber=645, classLoaderName=app}, {fileName=LocalDistributor.java, moduleVersion=null, moduleName=null, nativeMethod=false, methodName=newSession, className=org.openqa.selenium.grid.distributor.local.LocalDistributor, lineNumber=564, classLoaderName=app}, {fileName=LocalDistributor.java, moduleVersion=null, moduleName=null, nativeMethod=false, methodName=handleNewSessionRequest, className=org.openqa.selenium.grid.distributor.local.LocalDistributor$NewSessionRunnable, lineNumber=818, classLoaderName=app}, {fileName=LocalDistributor.java, moduleVersion=null, moduleName=null, nativeMethod=false, methodName=lambda$run$1, className=org.openqa.selenium.grid.distributor.local.LocalDistributor$NewSessionRunnable, lineNumber=779, classLoaderName=app}, {fileName=ThreadPoolExecutor.java, moduleVersion=11.0.18, moduleName=java.base, nativeMethod=false, methodName=runWorker, className=java.util.concurrent.ThreadPoolExecutor, lineNumber=1128, classLoaderName=null}, {fileName=ThreadPoolExecutor.java, moduleVersion=11.0.18, moduleName=java.base, nativeMethod=false, methodName=run, className=java.util.concurrent.ThreadPoolExecutor$Worker, lineNumber=628, classLoaderName=null}, {fileName=Thread.java, moduleVersion=11.0.18, moduleName=java.base, nativeMethod=false, methodName=run, className=java.lang.Thread, lineNumber=834, classLoaderName=null}]
	at org.Manipal.testCases.TestCase1.initialiSetup(TestCase1.java:42)
]]></failure>
    <system-out><![CDATA[[TestNGContentHandler] [WARN] It is strongly recommended to add "<!DOCTYPE suite SYSTEM "http://testng.org/testng-1.0.dtd" >" at the top of your file, otherwise TestNG may fail or not work as expected.
Firefox Browser Initiated
Chrome Browser Initiated
]]></system-out>
    <system-err><![CDATA[Jun 09, 2023 12:03:03 PM org.openqa.selenium.remote.DesiredCapabilities firefox
INFO: Using `new FirefoxOptions()` is preferred to `DesiredCapabilities.firefox()`
Jun 09, 2023 12:03:03 PM org.openqa.selenium.remote.DesiredCapabilities chrome
INFO: Using `new ChromeOptions()` is preferred to `DesiredCapabilities.chrome()`
]]></system-err>
  </testcase>
  <testcase name="scenario1" classname="org.Manipal.testCases.TestCase1" time="0">
    <skipped message="Could not start a new session. Could not start a new session. Error while creating session with the driver service. Stopping driver service: Could not start a new session. Response code 500. Message: Expected browser binary location, but unable to find binary in default location, no &apos;moz:firefoxOptions.binary&apos; capability provided, and no binary flag set on the command line &#10;Host info: host: &apos;TJ&apos;, ip: &apos;192.168.56.1&apos;&#10;Build info: version: &apos;4.9.1&apos;, revision: &apos;eb2032df7f&apos;&#10;System info: os.name: &apos;Windows 10&apos;, os.arch: &apos;amd64&apos;, os.version: &apos;10.0&apos;, java.version: &apos;11.0.18&apos;&#10;Driver info: driver.version: unknown&#10;Build info: version: &apos;4.9.1&apos;, revision: &apos;eb2032df7f&apos;&#10;System info: os.name: &apos;Windows 10&apos;, os.arch: &apos;amd64&apos;, os.version: &apos;10.0&apos;, java.version: &apos;11.0.18&apos;&#10;Driver info: driver.version: unknown&#10;Build info: version: &apos;4.9.1&apos;, revision: &apos;eb2032df7f&apos;&#10;System info: os.name: &apos;Windows 10&apos;, os.arch: &apos;amd64&apos;, os.version: &apos;10.0&apos;, java.version: &apos;11.0.18&apos;&#10;Driver info: driver.version: unknown&#10;Build info: version: &apos;3.141.59&apos;, revision: &apos;e82be7d358&apos;, time: &apos;2018-11-14T08:17:03&apos;&#10;System info: host: &apos;TJ&apos;, ip: &apos;192.168.56.1&apos;, os.name: &apos;Windows 10&apos;, os.arch: &apos;amd64&apos;, os.version: &apos;10.0&apos;, java.version: &apos;11.0.18&apos;&#10;Driver info: driver.version: RemoteWebDriver&#10;remote stacktrace: [{fileName=RemoteNode.java, moduleVersion=null, moduleName=null, nativeMethod=false, methodName=newSession, className=org.openqa.selenium.grid.node.remote.RemoteNode, lineNumber=150, classLoaderName=app}, {fileName=LocalDistributor.java, moduleVersion=null, moduleName=null, nativeMethod=false, methodName=startSession, className=org.openqa.selenium.grid.distributor.local.LocalDistributor, lineNumber=645, classLoaderName=app}, {fileName=LocalDistributor.java, moduleVersion=null, moduleName=null, nativeMethod=false, methodName=newSession, className=org.openqa.selenium.grid.distributor.local.LocalDistributor, lineNumber=564, classLoaderName=app}, {fileName=LocalDistributor.java, moduleVersion=null, moduleName=null, nativeMethod=false, methodName=handleNewSessionRequest, className=org.openqa.selenium.grid.distributor.local.LocalDistributor$NewSessionRunnable, lineNumber=818, classLoaderName=app}, {fileName=LocalDistributor.java, moduleVersion=null, moduleName=null, nativeMethod=false, methodName=lambda$run$1, className=org.openqa.selenium.grid.distributor.local.LocalDistributor$NewSessionRunnable, lineNumber=779, classLoaderName=app}, {fileName=ThreadPoolExecutor.java, moduleVersion=11.0.18, moduleName=java.base, nativeMethod=false, methodName=runWorker, className=java.util.concurrent.ThreadPoolExecutor, lineNumber=1128, classLoaderName=null}, {fileName=ThreadPoolExecutor.java, moduleVersion=11.0.18, moduleName=java.base, nativeMethod=false, methodName=run, className=java.util.concurrent.ThreadPoolExecutor$Worker, lineNumber=628, classLoaderName=null}, {fileName=Thread.java, moduleVersion=11.0.18, moduleName=java.base, nativeMethod=false, methodName=run, className=java.lang.Thread, lineNumber=834, classLoaderName=null}]"/>
  </testcase>
  <testcase name="scenario1" classname="org.Manipal.testCases.TestCase1" time="11.464">
    <failure message="no such element: Unable to locate element: {&quot;method&quot;:&quot;xpath&quot;,&quot;selector&quot;:&quot;//*[text()=&apos;All Mobile Phones&apos;]&quot;}&#10;  (Session info: chrome=114.0.5735.110)&#10;For documentation on this error, please visit: https://www.seleniumhq.org/exceptions/no_such_element.html&#10;Build info: version: &apos;3.141.59&apos;, revision: &apos;e82be7d358&apos;, time: &apos;2018-11-14T08:17:03&apos;&#10;System info: host: &apos;TJ&apos;, ip: &apos;192.168.56.1&apos;, os.name: &apos;Windows 10&apos;, os.arch: &apos;amd64&apos;, os.version: &apos;10.0&apos;, java.version: &apos;11.0.18&apos;&#10;Driver info: org.openqa.selenium.remote.RemoteWebDriver&#10;Capabilities {acceptInsecureCerts: false, browserName: chrome, browserVersion: 114.0.5735.110, chrome: {chromedriverVersion: 114.0.5735.90 (386bc09e8f4f..., userDataDir: C:\Users\TJ\AppData\Local\T...}, goog:chromeOptions: {debuggerAddress: localhost:30127}, javascriptEnabled: true, networkConnectionEnabled: false, pageLoadStrategy: normal, platform: WINDOWS, platformName: WINDOWS, proxy: Proxy(), se:bidiEnabled: false, se:cdp: ws://192.168.56.1:4444/sess..., se:cdpVersion: 114.0.5735.110, setWindowRect: true, strictFileInteractability: false, timeouts: {implicit: 0, pageLoad: 300000, script: 30000}, unhandledPromptBehavior: dismiss and notify, webauthn:extension:credBlob: true, webauthn:extension:largeBlob: true, webauthn:extension:minPinLength: true, webauthn:extension:prf: true, webauthn:virtualAuthenticators: true}&#10;Session ID: 4785246f30adb8eb6d0125a8be2d9627&#10;*** Element info: {Using=xpath, value=//*[text()=&apos;All Mobile Phones&apos;]}" type="org.openqa.selenium.NoSuchElementException"><![CDATA[org.openqa.selenium.NoSuchElementException: 
no such element: Unable to locate element: {"method":"xpath","selector":"//*[text()='All Mobile Phones']"}
  (Session info: chrome=114.0.5735.110)
For documentation on this error, please visit: https://www.seleniumhq.org/exceptions/no_such_element.html
Build info: version: '3.141.59', revision: 'e82be7d358', time: '2018-11-14T08:17:03'
System info: host: 'TJ', ip: '192.168.56.1', os.name: 'Windows 10', os.arch: 'amd64', os.version: '10.0', java.version: '11.0.18'
Driver info: org.openqa.selenium.remote.RemoteWebDriver
Capabilities {acceptInsecureCerts: false, browserName: chrome, browserVersion: 114.0.5735.110, chrome: {chromedriverVersion: 114.0.5735.90 (386bc09e8f4f..., userDataDir: C:\Users\TJ\AppData\Local\T...}, goog:chromeOptions: {debuggerAddress: localhost:30127}, javascriptEnabled: true, networkConnectionEnabled: false, pageLoadStrategy: normal, platform: WINDOWS, platformName: WINDOWS, proxy: Proxy(), se:bidiEnabled: false, se:cdp: ws://192.168.56.1:4444/sess..., se:cdpVersion: 114.0.5735.110, setWindowRect: true, strictFileInteractability: false, timeouts: {implicit: 0, pageLoad: 300000, script: 30000}, unhandledPromptBehavior: dismiss and notify, webauthn:extension:credBlob: true, webauthn:extension:largeBlob: true, webauthn:extension:minPinLength: true, webauthn:extension:prf: true, webauthn:virtualAuthenticators: true}
Session ID: 4785246f30adb8eb6d0125a8be2d9627
*** Element info: {Using=xpath, value=//*[text()='All Mobile Phones']}
	at org.Manipal.testCases.TestCase1.scenario1(TestCase1.java:53)
]]></failure>
    <system-out><![CDATA[true
]]></system-out>
    <system-err><![CDATA[Jun 09, 2023 12:03:09 PM org.openqa.selenium.remote.ProtocolHandshake createSession
INFO: Detected dialect: W3C
]]></system-err>
  </testcase>
  <testcase name="tearDown" classname="org.Manipal.testCases.TestCase1" time="0">
    <skipped/>
  </testcase>
</testsuite>