<?xml version="1.0" encoding="UTF-8"?>
<testng-results skipped="0" failed="0" ignored="0" total="1" passed="1">
  <reporter-output>
  </reporter-output>
  <suite name="Default suite" duration-ms="7919" started-at="2023-06-07T12:32:01 IST" finished-at="2023-06-07T12:32:09 IST">
    <groups>
    </groups>
    <test name="Default test" duration-ms="7919" started-at="2023-06-07T12:32:01 IST" finished-at="2023-06-07T12:32:09 IST">
      <class name="org.Manipal.testCases.TestCase1">
        <test-method status="PASS" signature="initialiSetup()[pri:0, instance:org.Manipal.testCases.TestCase1@42f93a98]" name="initialiSetup" is-config="true" duration-ms="5400" started-at="2023-06-07T12:32:01 IST" finished-at="2023-06-07T12:32:06 IST">
          <reporter-output>
          </reporter-output>
        </test-method> <!-- initialiSetup -->
        <test-method status="PASS" signature="scenario1()[pri:0, instance:org.Manipal.testCases.TestCase1@42f93a98]" name="scenario1" duration-ms="2466" started-at="2023-06-07T12:32:06 IST" finished-at="2023-06-07T12:32:09 IST">
          <reporter-output>
          </reporter-output>
        </test-method> <!-- scenario1 -->
      </class> <!-- org.Manipal.testCases.TestCase1 -->
    </test> <!-- Default test -->
  </suite> <!-- Default suite -->
</testng-results>
