<?xml version="1.0" encoding="UTF-8"?>
<!-- Generated by org.testng.reporters.JUnitXMLReporter -->
<testsuite hostname="TJ" ignored="0" name="Test" tests="3" failures="0" timestamp="2023-06-06T11:13:59 IST" time="0.051" errors="0">
  <testcase name="testSceanrio1" time="0.007" classname="selenium.TestNGConcepts"/>
  <testcase name="testCase" time="0.001" classname="selenium.TestNGAnnotation"/>
  <testcase name="testCase1" time="0.001" classname="selenium.TestNGAnnotation"/>
</testsuite> <!-- Test -->
