<?xml version="1.0" encoding="UTF-8"?>
<!-- Generated by org.testng.reporters.JUnitXMLReporter -->
<testsuite ignored="0" hostname="TJ" failures="0" tests="3" name="Test" time="0.035" errors="0" timestamp="09 Jun 2023 06:06:55 GMT">
  <testcase classname="selenium.TestNGConcepts" name="testSceanrio1" time="0.004"/>
  <testcase classname="selenium.TestNGAnnotation" name="testCase" time="0.0"/>
  <testcase classname="selenium.TestNGAnnotation" name="testCase1" time="0.0"/>
</testsuite> <!-- Test -->
